{"/Users/tameshwairibisen/Desktop/user-portal-main/src/App.tsx": {"path":"/Users/tameshwairibisen/Desktop/user-portal-main/src/App.tsx","statementMap":{"0":{"start":{"line":22,"column":22},"end":{"line":101,"column":1}},"1":{"start":{"line":23,"column":34},"end":{"line":23,"column":58}},"2":{"start":{"line":25,"column":16},"end":{"line":25,"column":32}},"3":{"start":{"line":27,"column":2},"end":{"line":32,"column":9}},"4":{"start":{"line":28,"column":23},"end":{"line":28,"column":52}},"5":{"start":{"line":29,"column":4},"end":{"line":31,"column":5}},"6":{"start":{"line":30,"column":6},"end":{"line":30,"column":49}},"7":{"start":{"line":34,"column":22},"end":{"line":40,"column":3}},"8":{"start":{"line":35,"column":4},"end":{"line":39,"column":7}},"9":{"start":{"line":36,"column":22},"end":{"line":36,"column":31}},"10":{"start":{"line":37,"column":6},"end":{"line":37,"column":80}},"11":{"start":{"line":38,"column":6},"end":{"line":38,"column":21}},"12":{"start":{"line":41,"column":2},"end":{"line":100,"column":4}},"13":{"start":{"line":48,"column":33},"end":{"line":48,"column":56}}},"fnMap":{"0":{"name":"(anonymous_0)","decl":{"start":{"line":22,"column":22},"end":{"line":22,"column":23}},"loc":{"start":{"line":22,"column":28},"end":{"line":101,"column":1}},"line":22},"1":{"name":"(anonymous_1)","decl":{"start":{"line":27,"column":12},"end":{"line":27,"column":13}},"loc":{"start":{"line":27,"column":18},"end":{"line":32,"column":3}},"line":27},"2":{"name":"(anonymous_2)","decl":{"start":{"line":34,"column":22},"end":{"line":34,"column":23}},"loc":{"start":{"line":34,"column":28},"end":{"line":40,"column":3}},"line":34},"3":{"name":"(anonymous_3)","decl":{"start":{"line":35,"column":16},"end":{"line":35,"column":17}},"loc":{"start":{"line":35,"column":30},"end":{"line":39,"column":5}},"line":35},"4":{"name":"(anonymous_4)","decl":{"start":{"line":48,"column":22},"end":{"line":48,"column":23}},"loc":{"start":{"line":48,"column":33},"end":{"line":48,"column":56}},"line":48}},"branchMap":{"0":{"loc":{"start":{"line":29,"column":4},"end":{"line":31,"column":5}},"type":"if","locations":[{"start":{"line":29,"column":4},"end":{"line":31,"column":5}},{"start":{},"end":{}}],"line":29},"1":{"loc":{"start":{"line":37,"column":36},"end":{"line":37,"column":78}},"type":"cond-expr","locations":[{"start":{"line":37,"column":46},"end":{"line":37,"column":60}},{"start":{"line":37,"column":63},"end":{"line":37,"column":78}}],"line":37},"2":{"loc":{"start":{"line":42,"column":26},"end":{"line":42,"column":59}},"type":"cond-expr","locations":[{"start":{"line":42,"column":37},"end":{"line":42,"column":46}},{"start":{"line":42,"column":49},"end":{"line":42,"column":59}}],"line":42}},"s":{"0":0,"1":0,"2":0,"3":0,"4":0,"5":0,"6":0,"7":0,"8":0,"9":0,"10":0,"11":0,"12":0,"13":0},"f":{"0":0,"1":0,"2":0,"3":0,"4":0},"b":{"0":[0,0],"1":[0,0],"2":[0,0]}}
,"/Users/tameshwairibisen/Desktop/user-portal-main/src/index.tsx": {"path":"/Users/tameshwairibisen/Desktop/user-portal-main/src/index.tsx","statementMap":{"0":{"start":{"line":8,"column":13},"end":{"line":10,"column":1}},"1":{"start":{"line":11,"column":0},"end":{"line":15,"column":2}}},"fnMap":{},"branchMap":{},"s":{"0":0,"1":0},"f":{},"b":{}}
,"/Users/tameshwairibisen/Desktop/user-portal-main/src/reportWebVitals.ts": {"path":"/Users/tameshwairibisen/Desktop/user-portal-main/src/reportWebVitals.ts","statementMap":{"0":{"start":{"line":3,"column":24},"end":{"line":13,"column":1}},"1":{"start":{"line":4,"column":2},"end":{"line":12,"column":3}},"2":{"start":{"line":5,"column":4},"end":{"line":11,"column":7}},"3":{"start":{"line":6,"column":6},"end":{"line":6,"column":26}},"4":{"start":{"line":7,"column":6},"end":{"line":7,"column":26}},"5":{"start":{"line":8,"column":6},"end":{"line":8,"column":26}},"6":{"start":{"line":9,"column":6},"end":{"line":9,"column":26}},"7":{"start":{"line":10,"column":6},"end":{"line":10,"column":27}}},"fnMap":{"0":{"name":"(anonymous_0)","decl":{"start":{"line":3,"column":24},"end":{"line":3,"column":25}},"loc":{"start":{"line":3,"column":57},"end":{"line":13,"column":1}},"line":3},"1":{"name":"(anonymous_1)","decl":{"start":{"line":5,"column":30},"end":{"line":5,"column":31}},"loc":{"start":{"line":5,"column":79},"end":{"line":11,"column":5}},"line":5}},"branchMap":{"0":{"loc":{"start":{"line":4,"column":2},"end":{"line":12,"column":3}},"type":"if","locations":[{"start":{"line":4,"column":2},"end":{"line":12,"column":3}},{"start":{},"end":{}}],"line":4},"1":{"loc":{"start":{"line":4,"column":6},"end":{"line":4,"column":52}},"type":"binary-expr","locations":[{"start":{"line":4,"column":6},"end":{"line":4,"column":17}},{"start":{"line":4,"column":21},"end":{"line":4,"column":52}}],"line":4}},"s":{"0":0,"1":0,"2":0,"3":0,"4":0,"5":0,"6":0,"7":0},"f":{"0":0,"1":0},"b":{"0":[0,0],"1":[0,0]}}
,"/Users/tameshwairibisen/Desktop/user-portal-main/src/Model/user.ts": {"path":"/Users/tameshwairibisen/Desktop/user-portal-main/src/Model/user.ts","statementMap":{},"fnMap":{},"branchMap":{},"s":{},"f":{},"b":{}}
,"/Users/tameshwairibisen/Desktop/user-portal-main/src/components/LeftNavigationBar.tsx": {"path":"/Users/tameshwairibisen/Desktop/user-portal-main/src/components/LeftNavigationBar.tsx","statementMap":{"0":{"start":{"line":13,"column":20},"end":{"line":13,"column":23}},"1":{"start":{"line":14,"column":33},"end":{"line":80,"column":1}},"2":{"start":{"line":15,"column":36},"end":{"line":15,"column":50}},"3":{"start":{"line":17,"column":42},"end":{"line":17,"column":53}},"4":{"start":{"line":18,"column":16},"end":{"line":18,"column":32}},"5":{"start":{"line":20,"column":24},"end":{"line":24,"column":3}},"6":{"start":{"line":26,"column":2},"end":{"line":79,"column":4}},"7":{"start":{"line":46,"column":41},"end":{"line":46,"column":65}},"8":{"start":{"line":54,"column":16},"end":{"line":72,"column":33}},"9":{"start":{"line":55,"column":33},"end":{"line":55,"column":57}}},"fnMap":{"0":{"name":"(anonymous_0)","decl":{"start":{"line":14,"column":33},"end":{"line":14,"column":34}},"loc":{"start":{"line":14,"column":39},"end":{"line":80,"column":1}},"line":14},"1":{"name":"(anonymous_1)","decl":{"start":{"line":46,"column":35},"end":{"line":46,"column":36}},"loc":{"start":{"line":46,"column":41},"end":{"line":46,"column":65}},"line":46},"2":{"name":"(anonymous_2)","decl":{"start":{"line":53,"column":33},"end":{"line":53,"column":34}},"loc":{"start":{"line":54,"column":16},"end":{"line":72,"column":33}},"line":54},"3":{"name":"(anonymous_3)","decl":{"start":{"line":55,"column":27},"end":{"line":55,"column":28}},"loc":{"start":{"line":55,"column":33},"end":{"line":55,"column":57}},"line":55}},"branchMap":{"0":{"loc":{"start":{"line":48,"column":13},"end":{"line":48,"column":56}},"type":"cond-expr","locations":[{"start":{"line":48,"column":25},"end":{"line":48,"column":39}},{"start":{"line":48,"column":42},"end":{"line":48,"column":56}}],"line":48},"1":{"loc":{"start":{"line":59,"column":22},"end":{"line":61,"column":46}},"type":"cond-expr","locations":[{"start":{"line":60,"column":26},"end":{"line":60,"column":35}},{"start":{"line":61,"column":26},"end":{"line":61,"column":46}}],"line":59},"2":{"loc":{"start":{"line":63,"column":22},"end":{"line":65,"column":41}},"type":"cond-expr","locations":[{"start":{"line":64,"column":26},"end":{"line":64,"column":32}},{"start":{"line":65,"column":26},"end":{"line":65,"column":41}}],"line":63}},"s":{"0":0,"1":0,"2":0,"3":0,"4":0,"5":0,"6":0,"7":0,"8":0,"9":0},"f":{"0":0,"1":0,"2":0,"3":0},"b":{"0":[0,0],"1":[0,0],"2":[0,0]}}
,"/Users/tameshwairibisen/Desktop/user-portal-main/src/components/Login.tsx": {"path":"/Users/tameshwairibisen/Desktop/user-portal-main/src/components/Login.tsx","statementMap":{"0":{"start":{"line":7,"column":24},"end":{"line":67,"column":1}},"1":{"start":{"line":8,"column":34},"end":{"line":8,"column":54}},"2":{"start":{"line":9,"column":34},"end":{"line":9,"column":54}},"3":{"start":{"line":10,"column":28},"end":{"line":10,"column":48}},"4":{"start":{"line":11,"column":19},"end":{"line":11,"column":32}},"5":{"start":{"line":13,"column":22},"end":{"line":26,"column":3}},"6":{"start":{"line":14,"column":4},"end":{"line":14,"column":23}},"7":{"start":{"line":16,"column":4},"end":{"line":25,"column":5}},"8":{"start":{"line":17,"column":23},"end":{"line":17,"column":81}},"9":{"start":{"line":18,"column":6},"end":{"line":22,"column":7}},"10":{"start":{"line":19,"column":8},"end":{"line":19,"column":22}},"11":{"start":{"line":21,"column":8},"end":{"line":21,"column":49}},"12":{"start":{"line":24,"column":6},"end":{"line":24,"column":50}},"13":{"start":{"line":28,"column":2},"end":{"line":66,"column":4}},"14":{"start":{"line":46,"column":29},"end":{"line":46,"column":76}},"15":{"start":{"line":56,"column":29},"end":{"line":56,"column":76}}},"fnMap":{"0":{"name":"(anonymous_0)","decl":{"start":{"line":7,"column":24},"end":{"line":7,"column":25}},"loc":{"start":{"line":7,"column":30},"end":{"line":67,"column":1}},"line":7},"1":{"name":"(anonymous_1)","decl":{"start":{"line":13,"column":22},"end":{"line":13,"column":23}},"loc":{"start":{"line":13,"column":52},"end":{"line":26,"column":3}},"line":13},"2":{"name":"(anonymous_2)","decl":{"start":{"line":46,"column":22},"end":{"line":46,"column":23}},"loc":{"start":{"line":46,"column":29},"end":{"line":46,"column":76}},"line":46},"3":{"name":"(anonymous_3)","decl":{"start":{"line":56,"column":22},"end":{"line":56,"column":23}},"loc":{"start":{"line":56,"column":29},"end":{"line":56,"column":76}},"line":56}},"branchMap":{"0":{"loc":{"start":{"line":18,"column":6},"end":{"line":22,"column":7}},"type":"if","locations":[{"start":{"line":18,"column":6},"end":{"line":22,"column":7}},{"start":{"line":20,"column":13},"end":{"line":22,"column":7}}],"line":18},"1":{"loc":{"start":{"line":59,"column":11},"end":{"line":59,"column":59}},"type":"binary-expr","locations":[{"start":{"line":59,"column":11},"end":{"line":59,"column":16}},{"start":{"line":59,"column":20},"end":{"line":59,"column":59}}],"line":59}},"s":{"0":0,"1":0,"2":0,"3":0,"4":0,"5":0,"6":0,"7":0,"8":0,"9":0,"10":0,"11":0,"12":0,"13":0,"14":0,"15":0},"f":{"0":0,"1":0,"2":0,"3":0},"b":{"0":[0,0],"1":[0,0]}}
,"/Users/tameshwairibisen/Desktop/user-portal-main/src/components/ProtectedRoute.tsx": {"path":"/Users/tameshwairibisen/Desktop/user-portal-main/src/components/ProtectedRoute.tsx","statementMap":{"0":{"start":{"line":8,"column":54},"end":{"line":16,"column":1}},"1":{"start":{"line":9,"column":26},"end":{"line":9,"column":69}},"2":{"start":{"line":11,"column":2},"end":{"line":13,"column":3}},"3":{"start":{"line":12,"column":4},"end":{"line":12,"column":36}},"4":{"start":{"line":15,"column":2},"end":{"line":15,"column":17}}},"fnMap":{"0":{"name":"(anonymous_0)","decl":{"start":{"line":8,"column":54},"end":{"line":8,"column":55}},"loc":{"start":{"line":8,"column":71},"end":{"line":16,"column":1}},"line":8}},"branchMap":{"0":{"loc":{"start":{"line":11,"column":2},"end":{"line":13,"column":3}},"type":"if","locations":[{"start":{"line":11,"column":2},"end":{"line":13,"column":3}},{"start":{},"end":{}}],"line":11}},"s":{"0":0,"1":0,"2":0,"3":0,"4":0},"f":{"0":0},"b":{"0":[0,0]}}
,"/Users/tameshwairibisen/Desktop/user-portal-main/src/components/SideBarPanel.tsx": {"path":"/Users/tameshwairibisen/Desktop/user-portal-main/src/components/SideBarPanel.tsx","statementMap":{"0":{"start":{"line":13,"column":0},"end":{"line":21,"column":12}}},"fnMap":{"0":{"name":"SidePanelBar","decl":{"start":{"line":10,"column":16},"end":{"line":10,"column":28}},"loc":{"start":{"line":10,"column":63},"end":{"line":22,"column":1}},"line":10}},"branchMap":{},"s":{"0":0},"f":{"0":0},"b":{}}
,"/Users/tameshwairibisen/Desktop/user-portal-main/src/components/TableToolBar.tsx": {"path":"/Users/tameshwairibisen/Desktop/user-portal-main/src/components/TableToolBar.tsx","statementMap":{"0":{"start":{"line":10,"column":28},"end":{"line":10,"column":33}},"1":{"start":{"line":11,"column":4},"end":{"line":57,"column":6}},"2":{"start":{"line":20,"column":14},"end":{"line":20,"column":86}}},"fnMap":{"0":{"name":"TableToolbar","decl":{"start":{"line":9,"column":18},"end":{"line":9,"column":30}},"loc":{"start":{"line":9,"column":57},"end":{"line":58,"column":3}},"line":9},"1":{"name":"(anonymous_1)","decl":{"start":{"line":19,"column":21},"end":{"line":19,"column":22}},"loc":{"start":{"line":20,"column":14},"end":{"line":20,"column":86}},"line":20}},"branchMap":{"0":{"loc":{"start":{"line":18,"column":10},"end":{"line":21,"column":11}},"type":"binary-expr","locations":[{"start":{"line":18,"column":10},"end":{"line":18,"column":25}},{"start":{"line":18,"column":29},"end":{"line":21,"column":11}}],"line":18},"1":{"loc":{"start":{"line":24,"column":9},"end":{"line":42,"column":9}},"type":"cond-expr","locations":[{"start":{"line":25,"column":10},"end":{"line":32,"column":23}},{"start":{"line":34,"column":10},"end":{"line":41,"column":23}}],"line":24},"2":{"loc":{"start":{"line":43,"column":9},"end":{"line":55,"column":9}},"type":"cond-expr","locations":[{"start":{"line":44,"column":10},"end":{"line":48,"column":20}},{"start":{"line":50,"column":10},"end":{"line":54,"column":20}}],"line":43}},"s":{"0":0,"1":0,"2":0},"f":{"0":0,"1":0},"b":{"0":[0,0],"1":[0,0],"2":[0,0]}}
,"/Users/tameshwairibisen/Desktop/user-portal-main/src/components/UserDetails.tsx": {"path":"/Users/tameshwairibisen/Desktop/user-portal-main/src/components/UserDetails.tsx","statementMap":{"0":{"start":{"line":47,"column":34},"end":{"line":56,"column":4}},"1":{"start":{"line":58,"column":34},"end":{"line":60,"column":3}},"2":{"start":{"line":62,"column":24},"end":{"line":76,"column":3}},"3":{"start":{"line":63,"column":24},"end":{"line":66,"column":5}},"4":{"start":{"line":67,"column":4},"end":{"line":75,"column":5}},"5":{"start":{"line":68,"column":23},"end":{"line":68,"column":70}},"6":{"start":{"line":69,"column":6},"end":{"line":72,"column":7}},"7":{"start":{"line":70,"column":8},"end":{"line":70,"column":21}},"8":{"start":{"line":71,"column":8},"end":{"line":71,"column":31}},"9":{"start":{"line":74,"column":6},"end":{"line":74,"column":37}},"10":{"start":{"line":78,"column":29},"end":{"line":92,"column":3}},"11":{"start":{"line":79,"column":4},"end":{"line":91,"column":5}},"12":{"start":{"line":80,"column":23},"end":{"line":84,"column":8}},"13":{"start":{"line":85,"column":6},"end":{"line":88,"column":7}},"14":{"start":{"line":86,"column":8},"end":{"line":86,"column":21}},"15":{"start":{"line":87,"column":8},"end":{"line":87,"column":31}},"16":{"start":{"line":90,"column":6},"end":{"line":90,"column":37}},"17":{"start":{"line":94,"column":21},"end":{"line":105,"column":3}},"18":{"start":{"line":95,"column":4},"end":{"line":104,"column":7}},"19":{"start":{"line":107,"column":23},"end":{"line":110,"column":3}},"20":{"start":{"line":108,"column":4},"end":{"line":108,"column":23}},"21":{"start":{"line":109,"column":4},"end":{"line":109,"column":50}},"22":{"start":{"line":112,"column":23},"end":{"line":114,"column":3}},"23":{"start":{"line":113,"column":4},"end":{"line":113,"column":25}},"24":{"start":{"line":116,"column":2},"end":{"line":130,"column":13}},"25":{"start":{"line":117,"column":4},"end":{"line":128,"column":5}},"26":{"start":{"line":118,"column":6},"end":{"line":127,"column":9}},"27":{"start":{"line":132,"column":21},"end":{"line":139,"column":3}},"28":{"start":{"line":133,"column":20},"end":{"line":133,"column":42}},"29":{"start":{"line":134,"column":26},"end":{"line":134,"column":53}},"30":{"start":{"line":135,"column":4},"end":{"line":138,"column":8}},"31":{"start":{"line":135,"column":27},"end":{"line":138,"column":5}},"32":{"start":{"line":141,"column":22},"end":{"line":148,"column":3}},"33":{"start":{"line":142,"column":20},"end":{"line":142,"column":38}},"34":{"start":{"line":143,"column":26},"end":{"line":143,"column":53}},"35":{"start":{"line":144,"column":4},"end":{"line":147,"column":8}},"36":{"start":{"line":144,"column":27},"end":{"line":147,"column":5}},"37":{"start":{"line":150,"column":32},"end":{"line":197,"column":3}},"38":{"start":{"line":154,"column":4},"end":{"line":165,"column":5}},"39":{"start":{"line":155,"column":6},"end":{"line":164,"column":8}},"40":{"start":{"line":162,"column":27},"end":{"line":162,"column":60}},"41":{"start":{"line":167,"column":4},"end":{"line":180,"column":5}},"42":{"start":{"line":168,"column":6},"end":{"line":179,"column":8}},"43":{"start":{"line":174,"column":27},"end":{"line":174,"column":61}},"44":{"start":{"line":181,"column":4},"end":{"line":196,"column":6}},"45":{"start":{"line":185,"column":23},"end":{"line":185,"column":47}},"46":{"start":{"line":199,"column":2},"end":{"line":373,"column":4}}},"fnMap":{"0":{"name":"UserDetails","decl":{"start":{"line":41,"column":16},"end":{"line":41,"column":27}},"loc":{"start":{"line":46,"column":10},"end":{"line":374,"column":1}},"line":46},"1":{"name":"(anonymous_1)","decl":{"start":{"line":62,"column":24},"end":{"line":62,"column":25}},"loc":{"start":{"line":62,"column":36},"end":{"line":76,"column":3}},"line":62},"2":{"name":"(anonymous_2)","decl":{"start":{"line":78,"column":29},"end":{"line":78,"column":30}},"loc":{"start":{"line":78,"column":41},"end":{"line":92,"column":3}},"line":78},"3":{"name":"(anonymous_3)","decl":{"start":{"line":94,"column":21},"end":{"line":94,"column":22}},"loc":{"start":{"line":94,"column":27},"end":{"line":105,"column":3}},"line":94},"4":{"name":"(anonymous_4)","decl":{"start":{"line":107,"column":23},"end":{"line":107,"column":24}},"loc":{"start":{"line":107,"column":41},"end":{"line":110,"column":3}},"line":107},"5":{"name":"(anonymous_5)","decl":{"start":{"line":112,"column":23},"end":{"line":112,"column":24}},"loc":{"start":{"line":112,"column":29},"end":{"line":114,"column":3}},"line":112},"6":{"name":"(anonymous_6)","decl":{"start":{"line":116,"column":12},"end":{"line":116,"column":13}},"loc":{"start":{"line":116,"column":18},"end":{"line":130,"column":3}},"line":116},"7":{"name":"(anonymous_7)","decl":{"start":{"line":132,"column":21},"end":{"line":132,"column":22}},"loc":{"start":{"line":132,"column":56},"end":{"line":139,"column":3}},"line":132},"8":{"name":"(anonymous_8)","decl":{"start":{"line":135,"column":16},"end":{"line":135,"column":17}},"loc":{"start":{"line":135,"column":27},"end":{"line":138,"column":5}},"line":135},"9":{"name":"(anonymous_9)","decl":{"start":{"line":141,"column":22},"end":{"line":141,"column":23}},"loc":{"start":{"line":141,"column":57},"end":{"line":148,"column":3}},"line":141},"10":{"name":"(anonymous_10)","decl":{"start":{"line":144,"column":16},"end":{"line":144,"column":17}},"loc":{"start":{"line":144,"column":27},"end":{"line":147,"column":5}},"line":144},"11":{"name":"(anonymous_11)","decl":{"start":{"line":150,"column":32},"end":{"line":150,"column":33}},"loc":{"start":{"line":153,"column":18},"end":{"line":197,"column":3}},"line":153},"12":{"name":"(anonymous_12)","decl":{"start":{"line":162,"column":20},"end":{"line":162,"column":21}},"loc":{"start":{"line":162,"column":27},"end":{"line":162,"column":60}},"line":162},"13":{"name":"(anonymous_13)","decl":{"start":{"line":174,"column":20},"end":{"line":174,"column":21}},"loc":{"start":{"line":174,"column":27},"end":{"line":174,"column":61}},"line":174},"14":{"name":"(anonymous_14)","decl":{"start":{"line":185,"column":16},"end":{"line":185,"column":17}},"loc":{"start":{"line":185,"column":23},"end":{"line":185,"column":47}},"line":185}},"branchMap":{"0":{"loc":{"start":{"line":59,"column":4},"end":{"line":59,"column":53}},"type":"cond-expr","locations":[{"start":{"line":59,"column":26},"end":{"line":59,"column":45}},{"start":{"line":59,"column":48},"end":{"line":59,"column":53}}],"line":59},"1":{"loc":{"start":{"line":69,"column":6},"end":{"line":72,"column":7}},"type":"if","locations":[{"start":{"line":69,"column":6},"end":{"line":72,"column":7}},{"start":{},"end":{}}],"line":69},"2":{"loc":{"start":{"line":71,"column":8},"end":{"line":71,"column":30}},"type":"binary-expr","locations":[{"start":{"line":71,"column":8},"end":{"line":71,"column":16}},{"start":{"line":71,"column":20},"end":{"line":71,"column":30}}],"line":71},"3":{"loc":{"start":{"line":85,"column":6},"end":{"line":88,"column":7}},"type":"if","locations":[{"start":{"line":85,"column":6},"end":{"line":88,"column":7}},{"start":{},"end":{}}],"line":85},"4":{"loc":{"start":{"line":87,"column":8},"end":{"line":87,"column":30}},"type":"binary-expr","locations":[{"start":{"line":87,"column":8},"end":{"line":87,"column":16}},{"start":{"line":87,"column":20},"end":{"line":87,"column":30}}],"line":87},"5":{"loc":{"start":{"line":109,"column":4},"end":{"line":109,"column":49}},"type":"cond-expr","locations":[{"start":{"line":109,"column":11},"end":{"line":109,"column":31}},{"start":{"line":109,"column":34},"end":{"line":109,"column":49}}],"line":109},"6":{"loc":{"start":{"line":113,"column":4},"end":{"line":113,"column":24}},"type":"binary-expr","locations":[{"start":{"line":113,"column":4},"end":{"line":113,"column":11}},{"start":{"line":113,"column":15},"end":{"line":113,"column":24}}],"line":113},"7":{"loc":{"start":{"line":117,"column":4},"end":{"line":128,"column":5}},"type":"if","locations":[{"start":{"line":117,"column":4},"end":{"line":128,"column":5}},{"start":{},"end":{}}],"line":117},"8":{"loc":{"start":{"line":126,"column":18},"end":{"line":126,"column":44}},"type":"binary-expr","locations":[{"start":{"line":126,"column":18},"end":{"line":126,"column":31}},{"start":{"line":126,"column":35},"end":{"line":126,"column":44}}],"line":126},"9":{"loc":{"start":{"line":154,"column":4},"end":{"line":165,"column":5}},"type":"if","locations":[{"start":{"line":154,"column":4},"end":{"line":165,"column":5}},{"start":{},"end":{}}],"line":154},"10":{"loc":{"start":{"line":167,"column":4},"end":{"line":180,"column":5}},"type":"if","locations":[{"start":{"line":167,"column":4},"end":{"line":180,"column":5}},{"start":{},"end":{}}],"line":167},"11":{"loc":{"start":{"line":211,"column":13},"end":{"line":211,"column":40}},"type":"binary-expr","locations":[{"start":{"line":211,"column":13},"end":{"line":211,"column":23}},{"start":{"line":211,"column":27},"end":{"line":211,"column":40}}],"line":211},"12":{"loc":{"start":{"line":221,"column":20},"end":{"line":223,"column":37}},"type":"cond-expr","locations":[{"start":{"line":222,"column":24},"end":{"line":222,"column":76}},{"start":{"line":223,"column":24},"end":{"line":223,"column":37}}],"line":221},"13":{"loc":{"start":{"line":238,"column":20},"end":{"line":243,"column":43}},"type":"cond-expr","locations":[{"start":{"line":239,"column":24},"end":{"line":242,"column":25}},{"start":{"line":243,"column":24},"end":{"line":243,"column":43}}],"line":238},"14":{"loc":{"start":{"line":256,"column":20},"end":{"line":258,"column":38}},"type":"cond-expr","locations":[{"start":{"line":257,"column":24},"end":{"line":257,"column":78}},{"start":{"line":258,"column":24},"end":{"line":258,"column":38}}],"line":256},"15":{"loc":{"start":{"line":271,"column":20},"end":{"line":276,"column":41}},"type":"cond-expr","locations":[{"start":{"line":272,"column":24},"end":{"line":275,"column":25}},{"start":{"line":276,"column":24},"end":{"line":276,"column":41}}],"line":271},"16":{"loc":{"start":{"line":289,"column":20},"end":{"line":291,"column":37}},"type":"cond-expr","locations":[{"start":{"line":290,"column":24},"end":{"line":290,"column":76}},{"start":{"line":291,"column":24},"end":{"line":291,"column":37}}],"line":289},"17":{"loc":{"start":{"line":304,"column":20},"end":{"line":309,"column":40}},"type":"cond-expr","locations":[{"start":{"line":305,"column":24},"end":{"line":308,"column":25}},{"start":{"line":309,"column":24},"end":{"line":309,"column":40}}],"line":304},"18":{"loc":{"start":{"line":322,"column":20},"end":{"line":327,"column":41}},"type":"cond-expr","locations":[{"start":{"line":323,"column":24},"end":{"line":326,"column":25}},{"start":{"line":327,"column":24},"end":{"line":327,"column":41}}],"line":322},"19":{"loc":{"start":{"line":334,"column":9},"end":{"line":370,"column":9}},"type":"binary-expr","locations":[{"start":{"line":334,"column":9},"end":{"line":334,"column":17}},{"start":{"line":335,"column":10},"end":{"line":369,"column":16}}],"line":334}},"s":{"0":0,"1":0,"2":0,"3":0,"4":0,"5":0,"6":0,"7":0,"8":0,"9":0,"10":0,"11":0,"12":0,"13":0,"14":0,"15":0,"16":0,"17":0,"18":0,"19":0,"20":0,"21":0,"22":0,"23":0,"24":0,"25":0,"26":0,"27":0,"28":0,"29":0,"30":0,"31":0,"32":0,"33":0,"34":0,"35":0,"36":0,"37":0,"38":0,"39":0,"40":0,"41":0,"42":0,"43":0,"44":0,"45":0,"46":0},"f":{"0":0,"1":0,"2":0,"3":0,"4":0,"5":0,"6":0,"7":0,"8":0,"9":0,"10":0,"11":0,"12":0,"13":0,"14":0},"b":{"0":[0,0],"1":[0,0],"2":[0,0],"3":[0,0],"4":[0,0],"5":[0,0],"6":[0,0],"7":[0,0],"8":[0,0],"9":[0,0],"10":[0,0],"11":[0,0],"12":[0,0],"13":[0,0],"14":[0,0],"15":[0,0],"16":[0,0],"17":[0,0],"18":[0,0],"19":[0,0]}}
,"/Users/tameshwairibisen/Desktop/user-portal-main/src/components/index.ts": {"path":"/Users/tameshwairibisen/Desktop/user-portal-main/src/components/index.ts","statementMap":{},"fnMap":{},"branchMap":{},"s":{},"f":{},"b":{}}
,"/Users/tameshwairibisen/Desktop/user-portal-main/src/mocks/browser.js": {"path":"/Users/tameshwairibisen/Desktop/user-portal-main/src/mocks/browser.js","statementMap":{"0":{"start":{"line":4,"column":22},"end":{"line":4,"column":46}}},"fnMap":{},"branchMap":{},"s":{"0":0},"f":{},"b":{}}
,"/Users/tameshwairibisen/Desktop/user-portal-main/src/mocks/handlers.ts": {"path":"/Users/tameshwairibisen/Desktop/user-portal-main/src/mocks/handlers.ts","statementMap":{"0":{"start":{"line":4,"column":24},"end":{"line":8,"column":1}},"1":{"start":{"line":6,"column":4},"end":{"line":6,"column":35}}},"fnMap":{"0":{"name":"(anonymous_0)","decl":{"start":{"line":5,"column":24},"end":{"line":5,"column":25}},"loc":{"start":{"line":5,"column":30},"end":{"line":7,"column":3}},"line":5}},"branchMap":{},"s":{"0":0,"1":0},"f":{"0":0},"b":{}}
,"/Users/tameshwairibisen/Desktop/user-portal-main/src/pages/Departments.tsx": {"path":"/Users/tameshwairibisen/Desktop/user-portal-main/src/pages/Departments.tsx","statementMap":{"0":{"start":{"line":2,"column":19},"end":{"line":2,"column":74}},"1":{"start":{"line":2,"column":25},"end":{"line":2,"column":74}}},"fnMap":{"0":{"name":"(anonymous_0)","decl":{"start":{"line":2,"column":19},"end":{"line":2,"column":20}},"loc":{"start":{"line":2,"column":25},"end":{"line":2,"column":74}},"line":2}},"branchMap":{},"s":{"0":0,"1":0},"f":{"0":0},"b":{}}
,"/Users/tameshwairibisen/Desktop/user-portal-main/src/pages/KeyTemplates.tsx": {"path":"/Users/tameshwairibisen/Desktop/user-portal-main/src/pages/KeyTemplates.tsx","statementMap":{"0":{"start":{"line":2,"column":20},"end":{"line":2,"column":81}},"1":{"start":{"line":2,"column":26},"end":{"line":2,"column":81}}},"fnMap":{"0":{"name":"(anonymous_0)","decl":{"start":{"line":2,"column":20},"end":{"line":2,"column":21}},"loc":{"start":{"line":2,"column":26},"end":{"line":2,"column":81}},"line":2}},"branchMap":{},"s":{"0":0,"1":0},"f":{"0":0},"b":{}}
,"/Users/tameshwairibisen/Desktop/user-portal-main/src/pages/UserOverview.tsx": {"path":"/Users/tameshwairibisen/Desktop/user-portal-main/src/pages/UserOverview.tsx","statementMap":{"0":{"start":{"line":24,"column":17},"end":{"line":241,"column":1}},"1":{"start":{"line":25,"column":26},"end":{"line":25,"column":57}},"2":{"start":{"line":27,"column":32},"end":{"line":27,"column":60}},"3":{"start":{"line":28,"column":38},"end":{"line":28,"column":50}},"4":{"start":{"line":29,"column":42},"end":{"line":29,"column":62}},"5":{"start":{"line":30,"column":42},"end":{"line":30,"column":62}},"6":{"start":{"line":32,"column":42},"end":{"line":32,"column":79}},"7":{"start":{"line":33,"column":42},"end":{"line":33,"column":57}},"8":{"start":{"line":35,"column":38},"end":{"line":35,"column":53}},"9":{"start":{"line":36,"column":34},"end":{"line":36,"column":49}},"10":{"start":{"line":38,"column":2},"end":{"line":40,"column":9}},"11":{"start":{"line":39,"column":4},"end":{"line":39,"column":21}},"12":{"start":{"line":42,"column":25},"end":{"line":53,"column":3}},"13":{"start":{"line":43,"column":22},"end":{"line":51,"column":5}},"14":{"start":{"line":44,"column":6},"end":{"line":50,"column":7}},"15":{"start":{"line":45,"column":25},"end":{"line":45,"column":58}},"16":{"start":{"line":46,"column":8},"end":{"line":46,"column":39}},"17":{"start":{"line":47,"column":8},"end":{"line":47,"column":39}},"18":{"start":{"line":49,"column":8},"end":{"line":49,"column":53}},"19":{"start":{"line":52,"column":4},"end":{"line":52,"column":16}},"20":{"start":{"line":55,"column":25},"end":{"line":58,"column":3}},"21":{"start":{"line":56,"column":4},"end":{"line":56,"column":26}},"22":{"start":{"line":57,"column":4},"end":{"line":57,"column":26}},"23":{"start":{"line":59,"column":21},"end":{"line":64,"column":3}},"24":{"start":{"line":60,"column":4},"end":{"line":60,"column":26}},"25":{"start":{"line":61,"column":4},"end":{"line":61,"column":25}},"26":{"start":{"line":62,"column":4},"end":{"line":62,"column":22}},"27":{"start":{"line":63,"column":4},"end":{"line":63,"column":26}},"28":{"start":{"line":65,"column":23},"end":{"line":88,"column":3}},"29":{"start":{"line":66,"column":22},"end":{"line":68,"column":5}},"30":{"start":{"line":69,"column":4},"end":{"line":69,"column":27}},"31":{"start":{"line":69,"column":20},"end":{"line":69,"column":27}},"32":{"start":{"line":71,"column":4},"end":{"line":87,"column":5}},"33":{"start":{"line":72,"column":23},"end":{"line":76,"column":8}},"34":{"start":{"line":77,"column":6},"end":{"line":84,"column":7}},"35":{"start":{"line":78,"column":8},"end":{"line":80,"column":10}},"36":{"start":{"line":79,"column":10},"end":{"line":79,"column":55}},"37":{"start":{"line":79,"column":36},"end":{"line":79,"column":54}},"38":{"start":{"line":81,"column":8},"end":{"line":83,"column":10}},"39":{"start":{"line":82,"column":10},"end":{"line":82,"column":55}},"40":{"start":{"line":82,"column":36},"end":{"line":82,"column":54}},"41":{"start":{"line":86,"column":6},"end":{"line":86,"column":51}},"42":{"start":{"line":89,"column":28},"end":{"line":92,"column":3}},"43":{"start":{"line":90,"column":4},"end":{"line":90,"column":27}},"44":{"start":{"line":91,"column":4},"end":{"line":91,"column":25}},"45":{"start":{"line":94,"column":28},"end":{"line":98,"column":3}},"46":{"start":{"line":95,"column":18},"end":{"line":95,"column":56}},"47":{"start":{"line":96,"column":4},"end":{"line":96,"column":36}},"48":{"start":{"line":97,"column":4},"end":{"line":97,"column":25}},"49":{"start":{"line":100,"column":19},"end":{"line":110,"column":3}},"50":{"start":{"line":101,"column":27},"end":{"line":103,"column":5}},"51":{"start":{"line":102,"column":22},"end":{"line":102,"column":52}},"52":{"start":{"line":104,"column":4},"end":{"line":108,"column":7}},"53":{"start":{"line":105,"column":26},"end":{"line":105,"column":48}},"54":{"start":{"line":106,"column":6},"end":{"line":106,"column":48}},"55":{"start":{"line":106,"column":29},"end":{"line":106,"column":48}},"56":{"start":{"line":107,"column":6},"end":{"line":107,"column":25}},"57":{"start":{"line":109,"column":4},"end":{"line":109,"column":47}},"58":{"start":{"line":109,"column":39},"end":{"line":109,"column":45}},"59":{"start":{"line":112,"column":21},"end":{"line":120,"column":3}},"60":{"start":{"line":113,"column":4},"end":{"line":115,"column":5}},"61":{"start":{"line":114,"column":6},"end":{"line":114,"column":37}},"62":{"start":{"line":116,"column":4},"end":{"line":118,"column":5}},"63":{"start":{"line":117,"column":6},"end":{"line":117,"column":37}},"64":{"start":{"line":119,"column":4},"end":{"line":119,"column":13}},"65":{"start":{"line":122,"column":21},"end":{"line":122,"column":71}},"66":{"start":{"line":123,"column":29},"end":{"line":141,"column":3}},"67":{"start":{"line":124,"column":22},"end":{"line":124,"column":74}},"68":{"start":{"line":125,"column":4},"end":{"line":125,"column":29}},"69":{"start":{"line":127,"column":4},"end":{"line":140,"column":5}},"70":{"start":{"line":128,"column":6},"end":{"line":128,"column":36}},"71":{"start":{"line":130,"column":30},"end":{"line":138,"column":7}},"72":{"start":{"line":132,"column":10},"end":{"line":137,"column":56}},"73":{"start":{"line":139,"column":6},"end":{"line":139,"column":39}},"74":{"start":{"line":143,"column":27},"end":{"line":146,"column":3}},"75":{"start":{"line":144,"column":4},"end":{"line":144,"column":26}},"76":{"start":{"line":145,"column":4},"end":{"line":145,"column":24}},"77":{"start":{"line":148,"column":35},"end":{"line":152,"column":3}},"78":{"start":{"line":150,"column":4},"end":{"line":150,"column":27}},"79":{"start":{"line":151,"column":4},"end":{"line":151,"column":21}},"80":{"start":{"line":154,"column":2},"end":{"line":240,"column":4}},"81":{"start":{"line":188,"column":16},"end":{"line":197,"column":28}},"82":{"start":{"line":193,"column":35},"end":{"line":193,"column":78}},"83":{"start":{"line":204,"column":14},"end":{"line":225,"column":25}},"84":{"start":{"line":204,"column":58},"end":{"line":204,"column":77}},"85":{"start":{"line":213,"column":45},"end":{"line":213,"column":60}},"86":{"start":{"line":218,"column":22},"end":{"line":218,"column":42}},"87":{"start":{"line":219,"column":22},"end":{"line":219,"column":43}}},"fnMap":{"0":{"name":"(anonymous_0)","decl":{"start":{"line":24,"column":17},"end":{"line":24,"column":18}},"loc":{"start":{"line":24,"column":23},"end":{"line":241,"column":1}},"line":24},"1":{"name":"(anonymous_1)","decl":{"start":{"line":38,"column":12},"end":{"line":38,"column":13}},"loc":{"start":{"line":38,"column":18},"end":{"line":40,"column":3}},"line":38},"2":{"name":"(anonymous_2)","decl":{"start":{"line":42,"column":25},"end":{"line":42,"column":26}},"loc":{"start":{"line":42,"column":31},"end":{"line":53,"column":3}},"line":42},"3":{"name":"(anonymous_3)","decl":{"start":{"line":43,"column":22},"end":{"line":43,"column":23}},"loc":{"start":{"line":43,"column":34},"end":{"line":51,"column":5}},"line":43},"4":{"name":"(anonymous_4)","decl":{"start":{"line":55,"column":25},"end":{"line":55,"column":26}},"loc":{"start":{"line":55,"column":40},"end":{"line":58,"column":3}},"line":55},"5":{"name":"(anonymous_5)","decl":{"start":{"line":59,"column":21},"end":{"line":59,"column":22}},"loc":{"start":{"line":59,"column":37},"end":{"line":64,"column":3}},"line":59},"6":{"name":"(anonymous_6)","decl":{"start":{"line":65,"column":23},"end":{"line":65,"column":24}},"loc":{"start":{"line":65,"column":49},"end":{"line":88,"column":3}},"line":65},"7":{"name":"(anonymous_7)","decl":{"start":{"line":78,"column":24},"end":{"line":78,"column":25}},"loc":{"start":{"line":79,"column":10},"end":{"line":79,"column":55}},"line":79},"8":{"name":"(anonymous_8)","decl":{"start":{"line":79,"column":26},"end":{"line":79,"column":27}},"loc":{"start":{"line":79,"column":36},"end":{"line":79,"column":54}},"line":79},"9":{"name":"(anonymous_9)","decl":{"start":{"line":81,"column":24},"end":{"line":81,"column":25}},"loc":{"start":{"line":82,"column":10},"end":{"line":82,"column":55}},"line":82},"10":{"name":"(anonymous_10)","decl":{"start":{"line":82,"column":26},"end":{"line":82,"column":27}},"loc":{"start":{"line":82,"column":36},"end":{"line":82,"column":54}},"line":82},"11":{"name":"(anonymous_11)","decl":{"start":{"line":89,"column":28},"end":{"line":89,"column":29}},"loc":{"start":{"line":89,"column":34},"end":{"line":92,"column":3}},"line":89},"12":{"name":"(anonymous_12)","decl":{"start":{"line":94,"column":28},"end":{"line":94,"column":29}},"loc":{"start":{"line":94,"column":54},"end":{"line":98,"column":3}},"line":94},"13":{"name":"(anonymous_13)","decl":{"start":{"line":100,"column":19},"end":{"line":100,"column":20}},"loc":{"start":{"line":100,"column":79},"end":{"line":110,"column":3}},"line":100},"14":{"name":"(anonymous_14)","decl":{"start":{"line":102,"column":6},"end":{"line":102,"column":7}},"loc":{"start":{"line":102,"column":22},"end":{"line":102,"column":52}},"line":102},"15":{"name":"(anonymous_15)","decl":{"start":{"line":104,"column":24},"end":{"line":104,"column":25}},"loc":{"start":{"line":104,"column":34},"end":{"line":108,"column":5}},"line":104},"16":{"name":"(anonymous_16)","decl":{"start":{"line":109,"column":30},"end":{"line":109,"column":31}},"loc":{"start":{"line":109,"column":39},"end":{"line":109,"column":45}},"line":109},"17":{"name":"(anonymous_17)","decl":{"start":{"line":112,"column":21},"end":{"line":112,"column":22}},"loc":{"start":{"line":112,"column":51},"end":{"line":120,"column":3}},"line":112},"18":{"name":"(anonymous_18)","decl":{"start":{"line":123,"column":29},"end":{"line":123,"column":30}},"loc":{"start":{"line":123,"column":77},"end":{"line":141,"column":3}},"line":123},"19":{"name":"(anonymous_19)","decl":{"start":{"line":131,"column":8},"end":{"line":131,"column":9}},"loc":{"start":{"line":132,"column":10},"end":{"line":137,"column":56}},"line":132},"20":{"name":"(anonymous_20)","decl":{"start":{"line":143,"column":27},"end":{"line":143,"column":28}},"loc":{"start":{"line":143,"column":33},"end":{"line":146,"column":3}},"line":143},"21":{"name":"(anonymous_21)","decl":{"start":{"line":148,"column":35},"end":{"line":148,"column":36}},"loc":{"start":{"line":148,"column":41},"end":{"line":152,"column":3}},"line":148},"22":{"name":"(anonymous_22)","decl":{"start":{"line":187,"column":35},"end":{"line":187,"column":36}},"loc":{"start":{"line":188,"column":16},"end":{"line":197,"column":28}},"line":188},"23":{"name":"(anonymous_23)","decl":{"start":{"line":193,"column":29},"end":{"line":193,"column":30}},"loc":{"start":{"line":193,"column":35},"end":{"line":193,"column":78}},"line":193},"24":{"name":"(anonymous_24)","decl":{"start":{"line":203,"column":28},"end":{"line":203,"column":29}},"loc":{"start":{"line":204,"column":14},"end":{"line":225,"column":25}},"line":204},"25":{"name":"(anonymous_25)","decl":{"start":{"line":204,"column":52},"end":{"line":204,"column":53}},"loc":{"start":{"line":204,"column":58},"end":{"line":204,"column":77}},"line":204},"26":{"name":"(anonymous_26)","decl":{"start":{"line":213,"column":39},"end":{"line":213,"column":40}},"loc":{"start":{"line":213,"column":45},"end":{"line":213,"column":60}},"line":213},"27":{"name":"(anonymous_27)","decl":{"start":{"line":217,"column":29},"end":{"line":217,"column":30}},"loc":{"start":{"line":217,"column":36},"end":{"line":220,"column":21}},"line":217}},"branchMap":{"0":{"loc":{"start":{"line":69,"column":4},"end":{"line":69,"column":27}},"type":"if","locations":[{"start":{"line":69,"column":4},"end":{"line":69,"column":27}},{"start":{},"end":{}}],"line":69},"1":{"loc":{"start":{"line":77,"column":6},"end":{"line":84,"column":7}},"type":"if","locations":[{"start":{"line":77,"column":6},"end":{"line":84,"column":7}},{"start":{},"end":{}}],"line":77},"2":{"loc":{"start":{"line":95,"column":18},"end":{"line":95,"column":56}},"type":"binary-expr","locations":[{"start":{"line":95,"column":18},"end":{"line":95,"column":38}},{"start":{"line":95,"column":42},"end":{"line":95,"column":56}}],"line":95},"3":{"loc":{"start":{"line":96,"column":12},"end":{"line":96,"column":34}},"type":"cond-expr","locations":[{"start":{"line":96,"column":20},"end":{"line":96,"column":26}},{"start":{"line":96,"column":29},"end":{"line":96,"column":34}}],"line":96},"4":{"loc":{"start":{"line":106,"column":6},"end":{"line":106,"column":48}},"type":"if","locations":[{"start":{"line":106,"column":6},"end":{"line":106,"column":48}},{"start":{},"end":{}}],"line":106},"5":{"loc":{"start":{"line":113,"column":4},"end":{"line":115,"column":5}},"type":"if","locations":[{"start":{"line":113,"column":4},"end":{"line":115,"column":5}},{"start":{},"end":{}}],"line":113},"6":{"loc":{"start":{"line":114,"column":13},"end":{"line":114,"column":36}},"type":"cond-expr","locations":[{"start":{"line":114,"column":30},"end":{"line":114,"column":32}},{"start":{"line":114,"column":35},"end":{"line":114,"column":36}}],"line":114},"7":{"loc":{"start":{"line":116,"column":4},"end":{"line":118,"column":5}},"type":"if","locations":[{"start":{"line":116,"column":4},"end":{"line":118,"column":5}},{"start":{},"end":{}}],"line":116},"8":{"loc":{"start":{"line":117,"column":13},"end":{"line":117,"column":36}},"type":"cond-expr","locations":[{"start":{"line":117,"column":30},"end":{"line":117,"column":31}},{"start":{"line":117,"column":34},"end":{"line":117,"column":36}}],"line":117},"9":{"loc":{"start":{"line":122,"column":21},"end":{"line":122,"column":71}},"type":"binary-expr","locations":[{"start":{"line":122,"column":21},"end":{"line":122,"column":33}},{"start":{"line":122,"column":37},"end":{"line":122,"column":71}}],"line":122},"10":{"loc":{"start":{"line":127,"column":4},"end":{"line":140,"column":5}},"type":"if","locations":[{"start":{"line":127,"column":4},"end":{"line":140,"column":5}},{"start":{"line":129,"column":11},"end":{"line":140,"column":5}}],"line":127},"11":{"loc":{"start":{"line":132,"column":10},"end":{"line":137,"column":56}},"type":"binary-expr","locations":[{"start":{"line":132,"column":10},"end":{"line":132,"column":52}},{"start":{"line":133,"column":10},"end":{"line":133,"column":53}},{"start":{"line":134,"column":10},"end":{"line":134,"column":58}},{"start":{"line":135,"column":10},"end":{"line":135,"column":56}},{"start":{"line":136,"column":10},"end":{"line":136,"column":55}},{"start":{"line":137,"column":10},"end":{"line":137,"column":56}}],"line":132},"12":{"loc":{"start":{"line":192,"column":31},"end":{"line":192,"column":68}},"type":"cond-expr","locations":[{"start":{"line":192,"column":56},"end":{"line":192,"column":60}},{"start":{"line":192,"column":63},"end":{"line":192,"column":68}}],"line":192},"13":{"loc":{"start":{"line":233,"column":16},"end":{"line":233,"column":53}},"type":"cond-expr","locations":[{"start":{"line":233,"column":29},"end":{"line":233,"column":38}},{"start":{"line":233,"column":41},"end":{"line":233,"column":53}}],"line":233},"14":{"loc":{"start":{"line":234,"column":31},"end":{"line":234,"column":53}},"type":"binary-expr","locations":[{"start":{"line":234,"column":31},"end":{"line":234,"column":41}},{"start":{"line":234,"column":45},"end":{"line":234,"column":53}}],"line":234}},"s":{"0":0,"1":0,"2":0,"3":0,"4":0,"5":0,"6":0,"7":0,"8":0,"9":0,"10":0,"11":0,"12":0,"13":0,"14":0,"15":0,"16":0,"17":0,"18":0,"19":0,"20":0,"21":0,"22":0,"23":0,"24":0,"25":0,"26":0,"27":0,"28":0,"29":0,"30":0,"31":0,"32":0,"33":0,"34":0,"35":0,"36":0,"37":0,"38":0,"39":0,"40":0,"41":0,"42":0,"43":0,"44":0,"45":0,"46":0,"47":0,"48":0,"49":0,"50":0,"51":0,"52":0,"53":0,"54":0,"55":0,"56":0,"57":0,"58":0,"59":0,"60":0,"61":0,"62":0,"63":0,"64":0,"65":0,"66":0,"67":0,"68":0,"69":0,"70":0,"71":0,"72":0,"73":0,"74":0,"75":0,"76":0,"77":0,"78":0,"79":0,"80":0,"81":0,"82":0,"83":0,"84":0,"85":0,"86":0,"87":0},"f":{"0":0,"1":0,"2":0,"3":0,"4":0,"5":0,"6":0,"7":0,"8":0,"9":0,"10":0,"11":0,"12":0,"13":0,"14":0,"15":0,"16":0,"17":0,"18":0,"19":0,"20":0,"21":0,"22":0,"23":0,"24":0,"25":0,"26":0,"27":0},"b":{"0":[0,0],"1":[0,0],"2":[0,0],"3":[0,0],"4":[0,0],"5":[0,0],"6":[0,0],"7":[0,0],"8":[0,0],"9":[0,0],"10":[0,0],"11":[0,0,0,0,0,0],"12":[0,0],"13":[0,0],"14":[0,0]}}
,"/Users/tameshwairibisen/Desktop/user-portal-main/src/service/axiosInstance.ts": {"path":"/Users/tameshwairibisen/Desktop/user-portal-main/src/service/axiosInstance.ts","statementMap":{"0":{"start":{"line":4,"column":22},"end":{"line":10,"column":2}},"1":{"start":{"line":12,"column":0},"end":{"line":24,"column":2}},"2":{"start":{"line":14,"column":18},"end":{"line":14,"column":52}},"3":{"start":{"line":15,"column":4},"end":{"line":18,"column":5}},"4":{"start":{"line":17,"column":6},"end":{"line":17,"column":61}},"5":{"start":{"line":19,"column":4},"end":{"line":19,"column":18}},"6":{"start":{"line":22,"column":4},"end":{"line":22,"column":33}},"7":{"start":{"line":26,"column":0},"end":{"line":41,"column":2}},"8":{"start":{"line":29,"column":18},"end":{"line":29,"column":35}},"9":{"start":{"line":31,"column":4},"end":{"line":31,"column":46}},"10":{"start":{"line":32,"column":4},"end":{"line":32,"column":20}},"11":{"start":{"line":35,"column":4},"end":{"line":38,"column":5}},"12":{"start":{"line":36,"column":6},"end":{"line":36,"column":48}},"13":{"start":{"line":37,"column":6},"end":{"line":37,"column":19}},"14":{"start":{"line":39,"column":4},"end":{"line":39,"column":33}}},"fnMap":{"0":{"name":"(anonymous_0)","decl":{"start":{"line":13,"column":2},"end":{"line":13,"column":3}},"loc":{"start":{"line":13,"column":42},"end":{"line":20,"column":3}},"line":13},"1":{"name":"(anonymous_1)","decl":{"start":{"line":21,"column":2},"end":{"line":21,"column":3}},"loc":{"start":{"line":21,"column":13},"end":{"line":23,"column":3}},"line":21},"2":{"name":"(anonymous_2)","decl":{"start":{"line":27,"column":2},"end":{"line":27,"column":3}},"loc":{"start":{"line":27,"column":31},"end":{"line":33,"column":3}},"line":27},"3":{"name":"(anonymous_3)","decl":{"start":{"line":34,"column":2},"end":{"line":34,"column":3}},"loc":{"start":{"line":34,"column":13},"end":{"line":40,"column":3}},"line":34}},"branchMap":{"0":{"loc":{"start":{"line":15,"column":4},"end":{"line":18,"column":5}},"type":"if","locations":[{"start":{"line":15,"column":4},"end":{"line":18,"column":5}},{"start":{},"end":{}}],"line":15},"1":{"loc":{"start":{"line":15,"column":8},"end":{"line":15,"column":31}},"type":"binary-expr","locations":[{"start":{"line":15,"column":8},"end":{"line":15,"column":13}},{"start":{"line":15,"column":17},"end":{"line":15,"column":31}}],"line":15},"2":{"loc":{"start":{"line":35,"column":4},"end":{"line":38,"column":5}},"type":"if","locations":[{"start":{"line":35,"column":4},"end":{"line":38,"column":5}},{"start":{},"end":{}}],"line":35}},"s":{"0":0,"1":0,"2":0,"3":0,"4":0,"5":0,"6":0,"7":0,"8":0,"9":0,"10":0,"11":0,"12":0,"13":0,"14":0},"f":{"0":0,"1":0,"2":0,"3":0},"b":{"0":[0,0],"1":[0,0],"2":[0,0]}}
,"/Users/tameshwairibisen/Desktop/user-portal-main/src/utils/constant.ts": {"path":"/Users/tameshwairibisen/Desktop/user-portal-main/src/utils/constant.ts","statementMap":{"0":{"start":{"line":8,"column":33},"end":{"line":17,"column":3}}},"fnMap":{},"branchMap":{},"s":{"0":0},"f":{},"b":{}}
,"/Users/tameshwairibisen/Desktop/user-portal-main/src/utils/i18n.ts": {"path":"/Users/tameshwairibisen/Desktop/user-portal-main/src/utils/i18n.ts","statementMap":{"0":{"start":{"line":7,"column":0},"end":{"line":23,"column":5}}},"fnMap":{},"branchMap":{},"s":{"0":0},"f":{},"b":{}}
,"/Users/tameshwairibisen/Desktop/user-portal-main/src/utils/theme.ts": {"path":"/Users/tameshwairibisen/Desktop/user-portal-main/src/utils/theme.ts","statementMap":{"0":{"start":{"line":5,"column":26},"end":{"line":16,"column":2}},"1":{"start":{"line":18,"column":25},"end":{"line":29,"column":2}}},"fnMap":{},"branchMap":{},"s":{"0":0,"1":0},"f":{},"b":{}}
,"/Users/tameshwairibisen/Desktop/user-portal-main/src/utils/common/LanguageSelector.tsx": {"path":"/Users/tameshwairibisen/Desktop/user-portal-main/src/utils/common/LanguageSelector.tsx","statementMap":{"0":{"start":{"line":6,"column":25},"end":{"line":31,"column":1}},"1":{"start":{"line":7,"column":34},"end":{"line":7,"column":48}},"2":{"start":{"line":8,"column":31},"end":{"line":14,"column":3}},"3":{"start":{"line":10,"column":4},"end":{"line":13,"column":5}},"4":{"start":{"line":11,"column":8},"end":{"line":11,"column":38}},"5":{"start":{"line":12,"column":8},"end":{"line":12,"column":30}},"6":{"start":{"line":16,"column":2},"end":{"line":30,"column":4}}},"fnMap":{"0":{"name":"(anonymous_0)","decl":{"start":{"line":6,"column":25},"end":{"line":6,"column":26}},"loc":{"start":{"line":6,"column":31},"end":{"line":31,"column":1}},"line":6},"1":{"name":"(anonymous_1)","decl":{"start":{"line":8,"column":31},"end":{"line":8,"column":32}},"loc":{"start":{"line":8,"column":65},"end":{"line":14,"column":3}},"line":8}},"branchMap":{"0":{"loc":{"start":{"line":10,"column":4},"end":{"line":13,"column":5}},"type":"if","locations":[{"start":{"line":10,"column":4},"end":{"line":13,"column":5}},{"start":{},"end":{}}],"line":10}},"s":{"0":0,"1":0,"2":0,"3":0,"4":0,"5":0,"6":0},"f":{"0":0,"1":0},"b":{"0":[0,0]}}
}
